<?xml version="1.0" encoding="UTF-8"?>
<!-- Generated by org.testng.reporters.JUnitXMLReporter -->
<testsuite hostname="DESKTOP-D5KJBUL" ignored="0" name="VerifyCreateTender" tests="1" failures="1" timestamp="22 Aug 2018 10:22:39 GMT" time="41.246" errors="0">
  <testcase name="createTenderbyBuyer" time="41.163" classname="com.TestCases.VerifyCreateTenderfromBuyer">
    <failure type="java.lang.NullPointerException">
      <![CDATA[java.lang.NullPointerException
at org.openqa.selenium.support.pagefactory.internal.LocatingElementHandler.invoke(LocatingElementHandler.java:51)
at com.sun.proxy.$Proxy7.click(Unknown Source)
at com.pages.BuyerSignInPage.clickonLoginhomepage(BuyerSignInPage.java:30)
at com.TestCases.VerifyCreateTenderfromBuyer.createTenderbyBuyer(VerifyCreateTenderfromBuyer.java:34)
... Removed 29 stack frames]]>
    </failure>
  </testcase> <!-- createTenderbyBuyer -->
</testsuite> <!-- VerifyCreateTender -->
